2023-10-13T15:59:49.249+05:30  INFO 26660 --- [restartedMain] com.truYum.app.TruYumApplication         : Starting TruYumApplication using Java 17.0.7 with PID 26660 (C:\Personal Project\truYum\target\classes started by avijit.rana in C:\Personal Project\truYum)
2023-10-13T15:59:49.257+05:30  INFO 26660 --- [restartedMain] com.truYum.app.TruYumApplication         : No active profile set, falling back to 1 default profile: "default"
2023-10-13T15:59:49.306+05:30  INFO 26660 --- [restartedMain] .e.DevToolsPropertyDefaultsPostProcessor : Devtools property defaults active! Set 'spring.devtools.add-properties' to 'false' to disable
2023-10-13T15:59:49.307+05:30  INFO 26660 --- [restartedMain] .e.DevToolsPropertyDefaultsPostProcessor : For additional web related logging consider setting the 'logging.level.web' property to 'DEBUG'
2023-10-13T15:59:49.890+05:30  INFO 26660 --- [restartedMain] .s.d.r.c.RepositoryConfigurationDelegate : Bootstrapping Spring Data JPA repositories in DEFAULT mode.
2023-10-13T15:59:49.905+05:30  INFO 26660 --- [restartedMain] .s.d.r.c.RepositoryConfigurationDelegate : Finished Spring Data repository scanning in 10 ms. Found 0 JPA repository interfaces.
2023-10-13T15:59:50.281+05:30  INFO 26660 --- [restartedMain] o.s.b.w.embedded.tomcat.TomcatWebServer  : Tomcat initialized with port(s): 8080 (http)
2023-10-13T15:59:50.289+05:30  INFO 26660 --- [restartedMain] o.apache.catalina.core.StandardService   : Starting service [Tomcat]
2023-10-13T15:59:50.290+05:30  INFO 26660 --- [restartedMain] o.apache.catalina.core.StandardEngine    : Starting Servlet engine: [Apache Tomcat/10.1.13]
2023-10-13T15:59:50.350+05:30  INFO 26660 --- [restartedMain] o.a.c.c.C.[Tomcat].[localhost].[/]       : Initializing Spring embedded WebApplicationContext
2023-10-13T15:59:50.351+05:30  INFO 26660 --- [restartedMain] w.s.c.ServletWebServerApplicationContext : Root WebApplicationContext: initialization completed in 1043 ms
2023-10-13T15:59:50.459+05:30  INFO 26660 --- [restartedMain] o.hibernate.jpa.internal.util.LogHelper  : HHH000204: Processing PersistenceUnitInfo [name: default]
2023-10-13T15:59:50.500+05:30  INFO 26660 --- [restartedMain] org.hibernate.Version                    : HHH000412: Hibernate ORM core version 6.2.9.Final
2023-10-13T15:59:50.502+05:30  INFO 26660 --- [restartedMain] org.hibernate.cfg.Environment            : HHH000406: Using bytecode reflection optimizer
2023-10-13T15:59:50.604+05:30  INFO 26660 --- [restartedMain] o.h.b.i.BytecodeProviderInitiator        : HHH000021: Bytecode provider name : bytebuddy
2023-10-13T15:59:50.696+05:30  INFO 26660 --- [restartedMain] o.s.o.j.p.SpringPersistenceUnitInfo      : No LoadTimeWeaver setup: ignoring JPA class transformer
2023-10-13T15:59:50.709+05:30  INFO 26660 --- [restartedMain] com.zaxxer.hikari.HikariDataSource       : HikariPool-1 - Starting...
2023-10-13T15:59:50.962+05:30  INFO 26660 --- [restartedMain] com.zaxxer.hikari.pool.HikariPool        : HikariPool-1 - Added connection com.mysql.cj.jdbc.ConnectionImpl@a6cc8b1
2023-10-13T15:59:50.963+05:30  INFO 26660 --- [restartedMain] com.zaxxer.hikari.HikariDataSource       : HikariPool-1 - Start completed.
2023-10-13T15:59:51.001+05:30  WARN 26660 --- [restartedMain] org.hibernate.orm.deprecation            : HHH90000026: MySQL8Dialect has been deprecated; use org.hibernate.dialect.MySQLDialect instead
2023-10-13T15:59:51.150+05:30  INFO 26660 --- [restartedMain] o.h.b.i.BytecodeProviderInitiator        : HHH000021: Bytecode provider name : bytebuddy
2023-10-13T15:59:51.602+05:30  INFO 26660 --- [restartedMain] o.h.e.t.j.p.i.JtaPlatformInitiator       : HHH000490: Using JtaPlatform implementation: [org.hibernate.engine.transaction.jta.platform.internal.NoJtaPlatform]
2023-10-13T15:59:51.660+05:30  INFO 26660 --- [restartedMain] j.LocalContainerEntityManagerFactoryBean : Initialized JPA EntityManagerFactory for persistence unit 'default'
2023-10-13T15:59:51.667+05:30  INFO 26660 --- [restartedMain] f.a.AutowiredAnnotationBeanPostProcessor : Autowired annotation is not supported on static methods: public static void com.truYum.app.TruYumApplication.main(java.lang.String[])
2023-10-13T15:59:51.774+05:30  WARN 26660 --- [restartedMain] JpaBaseConfiguration$JpaWebConfiguration : spring.jpa.open-in-view is enabled by default. Therefore, database queries may be performed during view rendering. Explicitly configure spring.jpa.open-in-view to disable this warning
2023-10-13T15:59:52.036+05:30  INFO 26660 --- [restartedMain] o.s.b.d.a.OptionalLiveReloadServer       : LiveReload server is running on port 35729
2023-10-13T15:59:52.080+05:30  INFO 26660 --- [restartedMain] o.s.b.w.embedded.tomcat.TomcatWebServer  : Tomcat started on port(s): 8080 (http) with context path ''
2023-10-13T15:59:52.089+05:30  INFO 26660 --- [restartedMain] com.truYum.app.TruYumApplication         : Started TruYumApplication in 3.107 seconds (process running for 3.811)
2023-10-13T16:00:20.535+05:30  INFO 26660 --- [http-nio-8080-exec-2] o.a.c.c.C.[Tomcat].[localhost].[/]       : Initializing Spring DispatcherServlet 'dispatcherServlet'
2023-10-13T16:00:20.535+05:30  INFO 26660 --- [http-nio-8080-exec-2] o.s.web.servlet.DispatcherServlet        : Initializing Servlet 'dispatcherServlet'
2023-10-13T16:00:20.535+05:30  INFO 26660 --- [http-nio-8080-exec-2] o.s.web.servlet.DispatcherServlet        : Completed initialization in 0 ms
2023-10-13T16:03:14.942+05:30  INFO 26660 --- [File Watcher] rtingClassPathChangeChangedEventListener : Restarting due to 4 class path changes (3 additions, 0 deletions, 1 modification)
2023-10-13T16:03:14.960+05:30  INFO 26660 --- [Thread-5] o.apache.catalina.core.StandardService   : Stopping service [Tomcat]
2023-10-13T16:03:14.961+05:30  INFO 26660 --- [Thread-5] o.a.c.c.C.[Tomcat].[localhost].[/]       : Destroying Spring FrameworkServlet 'dispatcherServlet'
2023-10-13T16:03:14.968+05:30  INFO 26660 --- [Thread-5] j.LocalContainerEntityManagerFactoryBean : Closing JPA EntityManagerFactory for persistence unit 'default'
2023-10-13T16:03:14.972+05:30  INFO 26660 --- [Thread-5] com.zaxxer.hikari.HikariDataSource       : HikariPool-1 - Shutdown initiated...
2023-10-13T16:03:14.979+05:30  INFO 26660 --- [Thread-5] com.zaxxer.hikari.HikariDataSource       : HikariPool-1 - Shutdown completed.
2023-10-13T16:03:15.043+05:30  INFO 26660 --- [restartedMain] com.truYum.app.TruYumApplication         : Starting TruYumApplication using Java 17.0.7 with PID 26660 (C:\Personal Project\truYum\target\classes started by avijit.rana in C:\Personal Project\truYum)
2023-10-13T16:03:15.043+05:30  INFO 26660 --- [restartedMain] com.truYum.app.TruYumApplication         : No active profile set, falling back to 1 default profile: "default"
2023-10-13T16:03:15.195+05:30  INFO 26660 --- [restartedMain] .s.d.r.c.RepositoryConfigurationDelegate : Bootstrapping Spring Data JPA repositories in DEFAULT mode.
2023-10-13T16:03:15.198+05:30  INFO 26660 --- [restartedMain] .s.d.r.c.RepositoryConfigurationDelegate : Finished Spring Data repository scanning in 3 ms. Found 0 JPA repository interfaces.
2023-10-13T16:03:15.281+05:30  INFO 26660 --- [restartedMain] o.s.b.w.embedded.tomcat.TomcatWebServer  : Tomcat initialized with port(s): 8080 (http)
2023-10-13T16:03:15.282+05:30  INFO 26660 --- [restartedMain] o.apache.catalina.core.StandardService   : Starting service [Tomcat]
2023-10-13T16:03:15.282+05:30  INFO 26660 --- [restartedMain] o.apache.catalina.core.StandardEngine    : Starting Servlet engine: [Apache Tomcat/10.1.13]
2023-10-13T16:03:15.302+05:30  INFO 26660 --- [restartedMain] o.a.c.c.C.[Tomcat].[localhost].[/]       : Initializing Spring embedded WebApplicationContext
2023-10-13T16:03:15.302+05:30  INFO 26660 --- [restartedMain] w.s.c.ServletWebServerApplicationContext : Root WebApplicationContext: initialization completed in 256 ms
2023-10-13T16:03:15.339+05:30  INFO 26660 --- [restartedMain] o.hibernate.jpa.internal.util.LogHelper  : HHH000204: Processing PersistenceUnitInfo [name: default]
2023-10-13T16:03:15.344+05:30  INFO 26660 --- [restartedMain] o.h.b.i.BytecodeProviderInitiator        : HHH000021: Bytecode provider name : bytebuddy
2023-10-13T16:03:15.345+05:30  INFO 26660 --- [restartedMain] o.s.o.j.p.SpringPersistenceUnitInfo      : No LoadTimeWeaver setup: ignoring JPA class transformer
2023-10-13T16:03:15.346+05:30  INFO 26660 --- [restartedMain] com.zaxxer.hikari.HikariDataSource       : HikariPool-2 - Starting...
2023-10-13T16:03:15.362+05:30  INFO 26660 --- [restartedMain] com.zaxxer.hikari.pool.HikariPool        : HikariPool-2 - Added connection com.mysql.cj.jdbc.ConnectionImpl@6459d0e0
2023-10-13T16:03:15.363+05:30  INFO 26660 --- [restartedMain] com.zaxxer.hikari.HikariDataSource       : HikariPool-2 - Start completed.
2023-10-13T16:03:15.363+05:30  WARN 26660 --- [restartedMain] org.hibernate.orm.deprecation            : HHH90000026: MySQL8Dialect has been deprecated; use org.hibernate.dialect.MySQLDialect instead
2023-10-13T16:03:15.373+05:30  INFO 26660 --- [restartedMain] o.h.b.i.BytecodeProviderInitiator        : HHH000021: Bytecode provider name : bytebuddy
2023-10-13T16:03:15.410+05:30  INFO 26660 --- [restartedMain] o.h.e.t.j.p.i.JtaPlatformInitiator       : HHH000490: Using JtaPlatform implementation: [org.hibernate.engine.transaction.jta.platform.internal.NoJtaPlatform]
2023-10-13T16:03:15.420+05:30  INFO 26660 --- [restartedMain] j.LocalContainerEntityManagerFactoryBean : Initialized JPA EntityManagerFactory for persistence unit 'default'
2023-10-13T16:03:15.425+05:30  INFO 26660 --- [restartedMain] f.a.AutowiredAnnotationBeanPostProcessor : Autowired annotation is not supported on static methods: public static void com.truYum.app.TruYumApplication.main(java.lang.String[])
2023-10-13T16:03:15.471+05:30  WARN 26660 --- [restartedMain] JpaBaseConfiguration$JpaWebConfiguration : spring.jpa.open-in-view is enabled by default. Therefore, database queries may be performed during view rendering. Explicitly configure spring.jpa.open-in-view to disable this warning
2023-10-13T16:03:15.577+05:30  INFO 26660 --- [restartedMain] o.s.b.d.a.OptionalLiveReloadServer       : LiveReload server is running on port 35729
2023-10-13T16:03:15.592+05:30  INFO 26660 --- [restartedMain] o.s.b.w.embedded.tomcat.TomcatWebServer  : Tomcat started on port(s): 8080 (http) with context path ''
2023-10-13T16:03:15.596+05:30  INFO 26660 --- [restartedMain] com.truYum.app.TruYumApplication         : Started TruYumApplication in 0.572 seconds (process running for 207.317)
2023-10-13T16:03:15.598+05:30  INFO 26660 --- [restartedMain] .ConditionEvaluationDeltaLoggingListener : Condition evaluation unchanged
2023-10-13T16:03:17.013+05:30  INFO 26660 --- [File Watcher] rtingClassPathChangeChangedEventListener : Restarting due to 1 class path change (0 additions, 0 deletions, 1 modification)
2023-10-13T16:03:17.026+05:30  INFO 26660 --- [Thread-7] o.apache.catalina.core.StandardService   : Stopping service [Tomcat]
2023-10-13T16:03:17.030+05:30  INFO 26660 --- [Thread-7] j.LocalContainerEntityManagerFactoryBean : Closing JPA EntityManagerFactory for persistence unit 'default'
2023-10-13T16:03:17.030+05:30  INFO 26660 --- [Thread-7] com.zaxxer.hikari.HikariDataSource       : HikariPool-2 - Shutdown initiated...
2023-10-13T16:03:17.035+05:30  INFO 26660 --- [Thread-7] com.zaxxer.hikari.HikariDataSource       : HikariPool-2 - Shutdown completed.
2023-10-13T16:03:17.085+05:30  INFO 26660 --- [restartedMain] com.truYum.app.TruYumApplication         : Starting TruYumApplication using Java 17.0.7 with PID 26660 (C:\Personal Project\truYum\target\classes started by avijit.rana in C:\Personal Project\truYum)
2023-10-13T16:03:17.085+05:30  INFO 26660 --- [restartedMain] com.truYum.app.TruYumApplication         : No active profile set, falling back to 1 default profile: "default"
2023-10-13T16:03:17.196+05:30  INFO 26660 --- [restartedMain] .s.d.r.c.RepositoryConfigurationDelegate : Bootstrapping Spring Data JPA repositories in DEFAULT mode.
2023-10-13T16:03:17.198+05:30  INFO 26660 --- [restartedMain] .s.d.r.c.RepositoryConfigurationDelegate : Finished Spring Data repository scanning in 1 ms. Found 0 JPA repository interfaces.
2023-10-13T16:03:17.251+05:30  INFO 26660 --- [restartedMain] o.s.b.w.embedded.tomcat.TomcatWebServer  : Tomcat initialized with port(s): 8080 (http)
2023-10-13T16:03:17.252+05:30  INFO 26660 --- [restartedMain] o.apache.catalina.core.StandardService   : Starting service [Tomcat]
2023-10-13T16:03:17.252+05:30  INFO 26660 --- [restartedMain] o.apache.catalina.core.StandardEngine    : Starting Servlet engine: [Apache Tomcat/10.1.13]
2023-10-13T16:03:17.263+05:30  INFO 26660 --- [restartedMain] o.a.c.c.C.[Tomcat].[localhost].[/]       : Initializing Spring embedded WebApplicationContext
2023-10-13T16:03:17.264+05:30  INFO 26660 --- [restartedMain] w.s.c.ServletWebServerApplicationContext : Root WebApplicationContext: initialization completed in 178 ms
2023-10-13T16:03:17.284+05:30  INFO 26660 --- [restartedMain] o.hibernate.jpa.internal.util.LogHelper  : HHH000204: Processing PersistenceUnitInfo [name: default]
2023-10-13T16:03:17.289+05:30  INFO 26660 --- [restartedMain] o.h.b.i.BytecodeProviderInitiator        : HHH000021: Bytecode provider name : bytebuddy
2023-10-13T16:03:17.289+05:30  INFO 26660 --- [restartedMain] o.s.o.j.p.SpringPersistenceUnitInfo      : No LoadTimeWeaver setup: ignoring JPA class transformer
2023-10-13T16:03:17.289+05:30  INFO 26660 --- [restartedMain] com.zaxxer.hikari.HikariDataSource       : HikariPool-3 - Starting...
2023-10-13T16:03:17.300+05:30  INFO 26660 --- [restartedMain] com.zaxxer.hikari.pool.HikariPool        : HikariPool-3 - Added connection com.mysql.cj.jdbc.ConnectionImpl@15dfeec7
2023-10-13T16:03:17.300+05:30  INFO 26660 --- [restartedMain] com.zaxxer.hikari.HikariDataSource       : HikariPool-3 - Start completed.
2023-10-13T16:03:17.300+05:30  WARN 26660 --- [restartedMain] org.hibernate.orm.deprecation            : HHH90000026: MySQL8Dialect has been deprecated; use org.hibernate.dialect.MySQLDialect instead
2023-10-13T16:03:17.308+05:30  INFO 26660 --- [restartedMain] o.h.b.i.BytecodeProviderInitiator        : HHH000021: Bytecode provider name : bytebuddy
2023-10-13T16:03:17.333+05:30  INFO 26660 --- [restartedMain] o.h.e.t.j.p.i.JtaPlatformInitiator       : HHH000490: Using JtaPlatform implementation: [org.hibernate.engine.transaction.jta.platform.internal.NoJtaPlatform]
2023-10-13T16:03:17.340+05:30  INFO 26660 --- [restartedMain] j.LocalContainerEntityManagerFactoryBean : Initialized JPA EntityManagerFactory for persistence unit 'default'
2023-10-13T16:03:17.343+05:30  INFO 26660 --- [restartedMain] f.a.AutowiredAnnotationBeanPostProcessor : Autowired annotation is not supported on static methods: public static void com.truYum.app.TruYumApplication.main(java.lang.String[])
2023-10-13T16:03:17.374+05:30  WARN 26660 --- [restartedMain] JpaBaseConfiguration$JpaWebConfiguration : spring.jpa.open-in-view is enabled by default. Therefore, database queries may be performed during view rendering. Explicitly configure spring.jpa.open-in-view to disable this warning
2023-10-13T16:03:17.442+05:30  INFO 26660 --- [restartedMain] o.s.b.d.a.OptionalLiveReloadServer       : LiveReload server is running on port 35729
2023-10-13T16:03:17.454+05:30  INFO 26660 --- [restartedMain] o.s.b.w.embedded.tomcat.TomcatWebServer  : Tomcat started on port(s): 8080 (http) with context path ''
2023-10-13T16:03:17.458+05:30  INFO 26660 --- [restartedMain] com.truYum.app.TruYumApplication         : Started TruYumApplication in 0.388 seconds (process running for 209.18)
2023-10-13T16:03:17.460+05:30  INFO 26660 --- [restartedMain] .ConditionEvaluationDeltaLoggingListener : Condition evaluation unchanged
2023-10-13T16:03:45.719+05:30  INFO 26660 --- [http-nio-8080-exec-1] o.apache.coyote.http11.Http11Processor   : Error parsing HTTP request header
 Note: further occurrences of HTTP request parsing errors will be logged at DEBUG level.

java.lang.IllegalArgumentException: Invalid character found in the request target [/login/logincontroller?role={$role}&email={$id}&password={$password} ]. The valid characters are defined in RFC 7230 and RFC 3986
	at org.apache.coyote.http11.Http11InputBuffer.parseRequestLine(Http11InputBuffer.java:482) ~[tomcat-embed-core-10.1.13.jar:10.1.13]
	at org.apache.coyote.http11.Http11Processor.service(Http11Processor.java:264) ~[tomcat-embed-core-10.1.13.jar:10.1.13]
	at org.apache.coyote.AbstractProcessorLight.process(AbstractProcessorLight.java:63) ~[tomcat-embed-core-10.1.13.jar:10.1.13]
	at org.apache.coyote.AbstractProtocol$ConnectionHandler.process(AbstractProtocol.java:894) ~[tomcat-embed-core-10.1.13.jar:10.1.13]
	at org.apache.tomcat.util.net.NioEndpoint$SocketProcessor.doRun(NioEndpoint.java:1740) ~[tomcat-embed-core-10.1.13.jar:10.1.13]
	at org.apache.tomcat.util.net.SocketProcessorBase.run(SocketProcessorBase.java:52) ~[tomcat-embed-core-10.1.13.jar:10.1.13]
	at org.apache.tomcat.util.threads.ThreadPoolExecutor.runWorker(ThreadPoolExecutor.java:1191) ~[tomcat-embed-core-10.1.13.jar:10.1.13]
	at org.apache.tomcat.util.threads.ThreadPoolExecutor$Worker.run(ThreadPoolExecutor.java:659) ~[tomcat-embed-core-10.1.13.jar:10.1.13]
	at org.apache.tomcat.util.threads.TaskThread$WrappingRunnable.run(TaskThread.java:61) ~[tomcat-embed-core-10.1.13.jar:10.1.13]
	at java.base/java.lang.Thread.run(Thread.java:833) ~[na:na]

2023-10-13T16:04:25.890+05:30  INFO 26660 --- [RMI TCP Connection(18)-127.0.0.1] inMXBeanRegistrar$SpringApplicationAdmin : Application shutdown requested.
2023-10-13T16:04:25.900+05:30  INFO 26660 --- [RMI TCP Connection(18)-127.0.0.1] o.apache.catalina.core.StandardService   : Stopping service [Tomcat]
2023-10-13T16:04:25.903+05:30  INFO 26660 --- [RMI TCP Connection(18)-127.0.0.1] j.LocalContainerEntityManagerFactoryBean : Closing JPA EntityManagerFactory for persistence unit 'default'
2023-10-13T16:04:25.904+05:30  INFO 26660 --- [RMI TCP Connection(18)-127.0.0.1] com.zaxxer.hikari.HikariDataSource       : HikariPool-3 - Shutdown initiated...
2023-10-13T16:04:25.909+05:30  INFO 26660 --- [RMI TCP Connection(18)-127.0.0.1] com.zaxxer.hikari.HikariDataSource       : HikariPool-3 - Shutdown completed.
2023-10-13T16:05:45.352+05:30  INFO 12904 --- [restartedMain] com.truYum.app.TruYumApplication         : Starting TruYumApplication using Java 17.0.7 with PID 12904 (C:\Personal Project\truYum\target\classes started by avijit.rana in C:\Personal Project\truYum)
2023-10-13T16:05:45.354+05:30  INFO 12904 --- [restartedMain] com.truYum.app.TruYumApplication         : No active profile set, falling back to 1 default profile: "default"
2023-10-13T16:05:45.393+05:30  INFO 12904 --- [restartedMain] .e.DevToolsPropertyDefaultsPostProcessor : Devtools property defaults active! Set 'spring.devtools.add-properties' to 'false' to disable
2023-10-13T16:05:45.393+05:30  INFO 12904 --- [restartedMain] .e.DevToolsPropertyDefaultsPostProcessor : For additional web related logging consider setting the 'logging.level.web' property to 'DEBUG'
2023-10-13T16:05:45.810+05:30  INFO 12904 --- [restartedMain] .s.d.r.c.RepositoryConfigurationDelegate : Bootstrapping Spring Data JPA repositories in DEFAULT mode.
2023-10-13T16:05:45.831+05:30  INFO 12904 --- [restartedMain] .s.d.r.c.RepositoryConfigurationDelegate : Finished Spring Data repository scanning in 12 ms. Found 0 JPA repository interfaces.
2023-10-13T16:05:46.210+05:30  INFO 12904 --- [restartedMain] o.s.b.w.embedded.tomcat.TomcatWebServer  : Tomcat initialized with port(s): 8080 (http)
2023-10-13T16:05:46.217+05:30  INFO 12904 --- [restartedMain] o.apache.catalina.core.StandardService   : Starting service [Tomcat]
2023-10-13T16:05:46.217+05:30  INFO 12904 --- [restartedMain] o.apache.catalina.core.StandardEngine    : Starting Servlet engine: [Apache Tomcat/10.1.13]
2023-10-13T16:05:46.272+05:30  INFO 12904 --- [restartedMain] o.a.c.c.C.[Tomcat].[localhost].[/]       : Initializing Spring embedded WebApplicationContext
2023-10-13T16:05:46.273+05:30  INFO 12904 --- [restartedMain] w.s.c.ServletWebServerApplicationContext : Root WebApplicationContext: initialization completed in 879 ms
2023-10-13T16:05:46.371+05:30  INFO 12904 --- [restartedMain] o.hibernate.jpa.internal.util.LogHelper  : HHH000204: Processing PersistenceUnitInfo [name: default]
2023-10-13T16:05:46.404+05:30  INFO 12904 --- [restartedMain] org.hibernate.Version                    : HHH000412: Hibernate ORM core version 6.2.9.Final
2023-10-13T16:05:46.405+05:30  INFO 12904 --- [restartedMain] org.hibernate.cfg.Environment            : HHH000406: Using bytecode reflection optimizer
2023-10-13T16:05:46.487+05:30  INFO 12904 --- [restartedMain] o.h.b.i.BytecodeProviderInitiator        : HHH000021: Bytecode provider name : bytebuddy
2023-10-13T16:05:46.576+05:30  INFO 12904 --- [restartedMain] o.s.o.j.p.SpringPersistenceUnitInfo      : No LoadTimeWeaver setup: ignoring JPA class transformer
2023-10-13T16:05:46.587+05:30  INFO 12904 --- [restartedMain] com.zaxxer.hikari.HikariDataSource       : HikariPool-1 - Starting...
2023-10-13T16:05:46.821+05:30  INFO 12904 --- [restartedMain] com.zaxxer.hikari.pool.HikariPool        : HikariPool-1 - Added connection com.mysql.cj.jdbc.ConnectionImpl@67797e64
2023-10-13T16:05:46.823+05:30  INFO 12904 --- [restartedMain] com.zaxxer.hikari.HikariDataSource       : HikariPool-1 - Start completed.
2023-10-13T16:05:46.859+05:30  WARN 12904 --- [restartedMain] org.hibernate.orm.deprecation            : HHH90000026: MySQL8Dialect has been deprecated; use org.hibernate.dialect.MySQLDialect instead
2023-10-13T16:05:47.003+05:30  INFO 12904 --- [restartedMain] o.h.b.i.BytecodeProviderInitiator        : HHH000021: Bytecode provider name : bytebuddy
2023-10-13T16:05:47.430+05:30  INFO 12904 --- [restartedMain] o.h.e.t.j.p.i.JtaPlatformInitiator       : HHH000490: Using JtaPlatform implementation: [org.hibernate.engine.transaction.jta.platform.internal.NoJtaPlatform]
2023-10-13T16:05:47.463+05:30  INFO 12904 --- [restartedMain] j.LocalContainerEntityManagerFactoryBean : Initialized JPA EntityManagerFactory for persistence unit 'default'
2023-10-13T16:05:47.468+05:30  INFO 12904 --- [restartedMain] f.a.AutowiredAnnotationBeanPostProcessor : Autowired annotation is not supported on static methods: public static void com.truYum.app.TruYumApplication.main(java.lang.String[])
2023-10-13T16:05:47.547+05:30  WARN 12904 --- [restartedMain] JpaBaseConfiguration$JpaWebConfiguration : spring.jpa.open-in-view is enabled by default. Therefore, database queries may be performed during view rendering. Explicitly configure spring.jpa.open-in-view to disable this warning
2023-10-13T16:05:47.781+05:30  INFO 12904 --- [restartedMain] o.s.b.d.a.OptionalLiveReloadServer       : LiveReload server is running on port 35729
2023-10-13T16:05:47.814+05:30  INFO 12904 --- [restartedMain] o.s.b.w.embedded.tomcat.TomcatWebServer  : Tomcat started on port(s): 8080 (http) with context path ''
2023-10-13T16:05:47.821+05:30  INFO 12904 --- [restartedMain] com.truYum.app.TruYumApplication         : Started TruYumApplication in 2.758 seconds (process running for 3.402)
2023-10-13T16:06:01.906+05:30  INFO 12904 --- [http-nio-8080-exec-1] o.apache.coyote.http11.Http11Processor   : Error parsing HTTP request header
 Note: further occurrences of HTTP request parsing errors will be logged at DEBUG level.

java.lang.IllegalArgumentException: Invalid character found in the request target [/login/logincontroller?role={$role}&email={$id}&password={$password} ]. The valid characters are defined in RFC 7230 and RFC 3986
	at org.apache.coyote.http11.Http11InputBuffer.parseRequestLine(Http11InputBuffer.java:482) ~[tomcat-embed-core-10.1.13.jar:10.1.13]
	at org.apache.coyote.http11.Http11Processor.service(Http11Processor.java:264) ~[tomcat-embed-core-10.1.13.jar:10.1.13]
	at org.apache.coyote.AbstractProcessorLight.process(AbstractProcessorLight.java:63) ~[tomcat-embed-core-10.1.13.jar:10.1.13]
	at org.apache.coyote.AbstractProtocol$ConnectionHandler.process(AbstractProtocol.java:894) ~[tomcat-embed-core-10.1.13.jar:10.1.13]
	at org.apache.tomcat.util.net.NioEndpoint$SocketProcessor.doRun(NioEndpoint.java:1740) ~[tomcat-embed-core-10.1.13.jar:10.1.13]
	at org.apache.tomcat.util.net.SocketProcessorBase.run(SocketProcessorBase.java:52) ~[tomcat-embed-core-10.1.13.jar:10.1.13]
	at org.apache.tomcat.util.threads.ThreadPoolExecutor.runWorker(ThreadPoolExecutor.java:1191) ~[tomcat-embed-core-10.1.13.jar:10.1.13]
	at org.apache.tomcat.util.threads.ThreadPoolExecutor$Worker.run(ThreadPoolExecutor.java:659) ~[tomcat-embed-core-10.1.13.jar:10.1.13]
	at org.apache.tomcat.util.threads.TaskThread$WrappingRunnable.run(TaskThread.java:61) ~[tomcat-embed-core-10.1.13.jar:10.1.13]
	at java.base/java.lang.Thread.run(Thread.java:833) ~[na:na]

2023-10-13T16:06:43.477+05:30  INFO 12904 --- [File Watcher] rtingClassPathChangeChangedEventListener : Restarting due to 1 class path change (0 additions, 0 deletions, 1 modification)
2023-10-13T16:06:43.497+05:30  INFO 12904 --- [Thread-5] o.apache.catalina.core.StandardService   : Stopping service [Tomcat]
2023-10-13T16:06:43.503+05:30  INFO 12904 --- [Thread-5] j.LocalContainerEntityManagerFactoryBean : Closing JPA EntityManagerFactory for persistence unit 'default'
2023-10-13T16:06:43.506+05:30  INFO 12904 --- [Thread-5] com.zaxxer.hikari.HikariDataSource       : HikariPool-1 - Shutdown initiated...
2023-10-13T16:06:43.514+05:30  INFO 12904 --- [Thread-5] com.zaxxer.hikari.HikariDataSource       : HikariPool-1 - Shutdown completed.
2023-10-13T16:06:43.565+05:30  INFO 12904 --- [restartedMain] com.truYum.app.TruYumApplication         : Starting TruYumApplication using Java 17.0.7 with PID 12904 (C:\Personal Project\truYum\target\classes started by avijit.rana in C:\Personal Project\truYum)
2023-10-13T16:06:43.565+05:30  INFO 12904 --- [restartedMain] com.truYum.app.TruYumApplication         : No active profile set, falling back to 1 default profile: "default"
2023-10-13T16:06:43.675+05:30  INFO 12904 --- [restartedMain] .s.d.r.c.RepositoryConfigurationDelegate : Bootstrapping Spring Data JPA repositories in DEFAULT mode.
2023-10-13T16:06:43.678+05:30  INFO 12904 --- [restartedMain] .s.d.r.c.RepositoryConfigurationDelegate : Finished Spring Data repository scanning in 2 ms. Found 0 JPA repository interfaces.
2023-10-13T16:06:43.740+05:30  INFO 12904 --- [restartedMain] o.s.b.w.embedded.tomcat.TomcatWebServer  : Tomcat initialized with port(s): 8080 (http)
2023-10-13T16:06:43.741+05:30  INFO 12904 --- [restartedMain] o.apache.catalina.core.StandardService   : Starting service [Tomcat]
2023-10-13T16:06:43.741+05:30  INFO 12904 --- [restartedMain] o.apache.catalina.core.StandardEngine    : Starting Servlet engine: [Apache Tomcat/10.1.13]
2023-10-13T16:06:43.759+05:30  INFO 12904 --- [restartedMain] o.a.c.c.C.[Tomcat].[localhost].[/]       : Initializing Spring embedded WebApplicationContext
2023-10-13T16:06:43.759+05:30  INFO 12904 --- [restartedMain] w.s.c.ServletWebServerApplicationContext : Root WebApplicationContext: initialization completed in 192 ms
2023-10-13T16:06:43.783+05:30  INFO 12904 --- [restartedMain] o.hibernate.jpa.internal.util.LogHelper  : HHH000204: Processing PersistenceUnitInfo [name: default]
2023-10-13T16:06:43.788+05:30  INFO 12904 --- [restartedMain] o.h.b.i.BytecodeProviderInitiator        : HHH000021: Bytecode provider name : bytebuddy
2023-10-13T16:06:43.788+05:30  INFO 12904 --- [restartedMain] o.s.o.j.p.SpringPersistenceUnitInfo      : No LoadTimeWeaver setup: ignoring JPA class transformer
2023-10-13T16:06:43.789+05:30  INFO 12904 --- [restartedMain] com.zaxxer.hikari.HikariDataSource       : HikariPool-2 - Starting...
2023-10-13T16:06:43.803+05:30  INFO 12904 --- [restartedMain] com.zaxxer.hikari.pool.HikariPool        : HikariPool-2 - Added connection com.mysql.cj.jdbc.ConnectionImpl@34be59fd
2023-10-13T16:06:43.804+05:30  INFO 12904 --- [restartedMain] com.zaxxer.hikari.HikariDataSource       : HikariPool-2 - Start completed.
2023-10-13T16:06:43.804+05:30  WARN 12904 --- [restartedMain] org.hibernate.orm.deprecation            : HHH90000026: MySQL8Dialect has been deprecated; use org.hibernate.dialect.MySQLDialect instead
2023-10-13T16:06:43.813+05:30  INFO 12904 --- [restartedMain] o.h.b.i.BytecodeProviderInitiator        : HHH000021: Bytecode provider name : bytebuddy
2023-10-13T16:06:43.837+05:30  INFO 12904 --- [restartedMain] o.h.e.t.j.p.i.JtaPlatformInitiator       : HHH000490: Using JtaPlatform implementation: [org.hibernate.engine.transaction.jta.platform.internal.NoJtaPlatform]
2023-10-13T16:06:43.845+05:30  INFO 12904 --- [restartedMain] j.LocalContainerEntityManagerFactoryBean : Initialized JPA EntityManagerFactory for persistence unit 'default'
2023-10-13T16:06:43.848+05:30  INFO 12904 --- [restartedMain] f.a.AutowiredAnnotationBeanPostProcessor : Autowired annotation is not supported on static methods: public static void com.truYum.app.TruYumApplication.main(java.lang.String[])
2023-10-13T16:06:43.883+05:30  WARN 12904 --- [restartedMain] JpaBaseConfiguration$JpaWebConfiguration : spring.jpa.open-in-view is enabled by default. Therefore, database queries may be performed during view rendering. Explicitly configure spring.jpa.open-in-view to disable this warning
2023-10-13T16:06:43.950+05:30  INFO 12904 --- [restartedMain] o.s.b.d.a.OptionalLiveReloadServer       : LiveReload server is running on port 35729
2023-10-13T16:06:43.961+05:30  INFO 12904 --- [restartedMain] o.s.b.w.embedded.tomcat.TomcatWebServer  : Tomcat started on port(s): 8080 (http) with context path ''
2023-10-13T16:06:43.966+05:30  INFO 12904 --- [restartedMain] com.truYum.app.TruYumApplication         : Started TruYumApplication in 0.418 seconds (process running for 59.547)
2023-10-13T16:06:43.969+05:30  INFO 12904 --- [restartedMain] .ConditionEvaluationDeltaLoggingListener : Condition evaluation unchanged
2023-10-13T16:06:47.163+05:30  INFO 12904 --- [http-nio-8080-exec-1] o.apache.coyote.http11.Http11Processor   : Error parsing HTTP request header
 Note: further occurrences of HTTP request parsing errors will be logged at DEBUG level.

java.lang.IllegalArgumentException: Invalid character found in the request target [/login/logincontroller?role={$role}&email={$id}&password={$password} ]. The valid characters are defined in RFC 7230 and RFC 3986
	at org.apache.coyote.http11.Http11InputBuffer.parseRequestLine(Http11InputBuffer.java:482) ~[tomcat-embed-core-10.1.13.jar:10.1.13]
	at org.apache.coyote.http11.Http11Processor.service(Http11Processor.java:264) ~[tomcat-embed-core-10.1.13.jar:10.1.13]
	at org.apache.coyote.AbstractProcessorLight.process(AbstractProcessorLight.java:63) ~[tomcat-embed-core-10.1.13.jar:10.1.13]
	at org.apache.coyote.AbstractProtocol$ConnectionHandler.process(AbstractProtocol.java:894) ~[tomcat-embed-core-10.1.13.jar:10.1.13]
	at org.apache.tomcat.util.net.NioEndpoint$SocketProcessor.doRun(NioEndpoint.java:1740) ~[tomcat-embed-core-10.1.13.jar:10.1.13]
	at org.apache.tomcat.util.net.SocketProcessorBase.run(SocketProcessorBase.java:52) ~[tomcat-embed-core-10.1.13.jar:10.1.13]
	at org.apache.tomcat.util.threads.ThreadPoolExecutor.runWorker(ThreadPoolExecutor.java:1191) ~[tomcat-embed-core-10.1.13.jar:10.1.13]
	at org.apache.tomcat.util.threads.ThreadPoolExecutor$Worker.run(ThreadPoolExecutor.java:659) ~[tomcat-embed-core-10.1.13.jar:10.1.13]
	at org.apache.tomcat.util.threads.TaskThread$WrappingRunnable.run(TaskThread.java:61) ~[tomcat-embed-core-10.1.13.jar:10.1.13]
	at java.base/java.lang.Thread.run(Thread.java:833) ~[na:na]

2023-10-13T16:07:44.580+05:30  INFO 12904 --- [http-nio-8080-exec-4] o.a.c.c.C.[Tomcat].[localhost].[/]       : Initializing Spring DispatcherServlet 'dispatcherServlet'
2023-10-13T16:07:44.580+05:30  INFO 12904 --- [http-nio-8080-exec-4] o.s.web.servlet.DispatcherServlet        : Initializing Servlet 'dispatcherServlet'
2023-10-13T16:07:44.581+05:30  INFO 12904 --- [http-nio-8080-exec-4] o.s.web.servlet.DispatcherServlet        : Completed initialization in 0 ms
2023-10-13T16:55:12.595+05:30  INFO 12904 --- [File Watcher] rtingClassPathChangeChangedEventListener : Restarting due to 1 class path change (0 additions, 0 deletions, 1 modification)
2023-10-13T16:55:12.613+05:30  INFO 12904 --- [Thread-7] o.apache.catalina.core.StandardService   : Stopping service [Tomcat]
2023-10-13T16:55:12.613+05:30  INFO 12904 --- [Thread-7] o.a.c.c.C.[Tomcat].[localhost].[/]       : Destroying Spring FrameworkServlet 'dispatcherServlet'
2023-10-13T16:55:12.618+05:30  INFO 12904 --- [Thread-7] j.LocalContainerEntityManagerFactoryBean : Closing JPA EntityManagerFactory for persistence unit 'default'
2023-10-13T16:55:12.618+05:30  INFO 12904 --- [Thread-7] com.zaxxer.hikari.HikariDataSource       : HikariPool-2 - Shutdown initiated...
2023-10-13T16:55:12.622+05:30  INFO 12904 --- [Thread-7] com.zaxxer.hikari.HikariDataSource       : HikariPool-2 - Shutdown completed.
2023-10-13T16:55:12.679+05:30  INFO 12904 --- [restartedMain] com.truYum.app.TruYumApplication         : Starting TruYumApplication using Java 17.0.7 with PID 12904 (C:\Personal Project\truYum\target\classes started by avijit.rana in C:\Personal Project\truYum)
2023-10-13T16:55:12.679+05:30  INFO 12904 --- [restartedMain] com.truYum.app.TruYumApplication         : No active profile set, falling back to 1 default profile: "default"
2023-10-13T16:55:12.781+05:30  INFO 12904 --- [restartedMain] .s.d.r.c.RepositoryConfigurationDelegate : Bootstrapping Spring Data JPA repositories in DEFAULT mode.
2023-10-13T16:55:12.784+05:30  INFO 12904 --- [restartedMain] .s.d.r.c.RepositoryConfigurationDelegate : Finished Spring Data repository scanning in 1 ms. Found 0 JPA repository interfaces.
2023-10-13T16:55:12.842+05:30  INFO 12904 --- [restartedMain] o.s.b.w.embedded.tomcat.TomcatWebServer  : Tomcat initialized with port(s): 8080 (http)
2023-10-13T16:55:12.842+05:30  INFO 12904 --- [restartedMain] o.apache.catalina.core.StandardService   : Starting service [Tomcat]
2023-10-13T16:55:12.842+05:30  INFO 12904 --- [restartedMain] o.apache.catalina.core.StandardEngine    : Starting Servlet engine: [Apache Tomcat/10.1.13]
2023-10-13T16:55:12.854+05:30  INFO 12904 --- [restartedMain] o.a.c.c.C.[Tomcat].[localhost].[/]       : Initializing Spring embedded WebApplicationContext
2023-10-13T16:55:12.854+05:30  INFO 12904 --- [restartedMain] w.s.c.ServletWebServerApplicationContext : Root WebApplicationContext: initialization completed in 173 ms
2023-10-13T16:55:12.878+05:30  INFO 12904 --- [restartedMain] o.hibernate.jpa.internal.util.LogHelper  : HHH000204: Processing PersistenceUnitInfo [name: default]
2023-10-13T16:55:12.882+05:30  INFO 12904 --- [restartedMain] o.h.b.i.BytecodeProviderInitiator        : HHH000021: Bytecode provider name : bytebuddy
2023-10-13T16:55:12.883+05:30  INFO 12904 --- [restartedMain] o.s.o.j.p.SpringPersistenceUnitInfo      : No LoadTimeWeaver setup: ignoring JPA class transformer
2023-10-13T16:55:12.883+05:30  INFO 12904 --- [restartedMain] com.zaxxer.hikari.HikariDataSource       : HikariPool-3 - Starting...
2023-10-13T16:55:12.895+05:30  INFO 12904 --- [restartedMain] com.zaxxer.hikari.pool.HikariPool        : HikariPool-3 - Added connection com.mysql.cj.jdbc.ConnectionImpl@54a0d374
2023-10-13T16:55:12.895+05:30  INFO 12904 --- [restartedMain] com.zaxxer.hikari.HikariDataSource       : HikariPool-3 - Start completed.
2023-10-13T16:55:12.896+05:30  WARN 12904 --- [restartedMain] org.hibernate.orm.deprecation            : HHH90000026: MySQL8Dialect has been deprecated; use org.hibernate.dialect.MySQLDialect instead
2023-10-13T16:55:12.903+05:30  INFO 12904 --- [restartedMain] o.h.b.i.BytecodeProviderInitiator        : HHH000021: Bytecode provider name : bytebuddy
2023-10-13T16:55:12.929+05:30  INFO 12904 --- [restartedMain] o.h.e.t.j.p.i.JtaPlatformInitiator       : HHH000490: Using JtaPlatform implementation: [org.hibernate.engine.transaction.jta.platform.internal.NoJtaPlatform]
2023-10-13T16:55:12.949+05:30  INFO 12904 --- [restartedMain] j.LocalContainerEntityManagerFactoryBean : Initialized JPA EntityManagerFactory for persistence unit 'default'
2023-10-13T16:55:12.952+05:30  INFO 12904 --- [restartedMain] f.a.AutowiredAnnotationBeanPostProcessor : Autowired annotation is not supported on static methods: public static void com.truYum.app.TruYumApplication.main(java.lang.String[])
2023-10-13T16:55:12.979+05:30  WARN 12904 --- [restartedMain] JpaBaseConfiguration$JpaWebConfiguration : spring.jpa.open-in-view is enabled by default. Therefore, database queries may be performed during view rendering. Explicitly configure spring.jpa.open-in-view to disable this warning
2023-10-13T16:55:13.045+05:30  INFO 12904 --- [restartedMain] o.s.b.d.a.OptionalLiveReloadServer       : LiveReload server is running on port 35729
2023-10-13T16:55:13.056+05:30  INFO 12904 --- [restartedMain] o.s.b.w.embedded.tomcat.TomcatWebServer  : Tomcat started on port(s): 8080 (http) with context path ''
2023-10-13T16:55:13.059+05:30  INFO 12904 --- [restartedMain] com.truYum.app.TruYumApplication         : Started TruYumApplication in 0.4 seconds (process running for 2968.64)
2023-10-13T16:55:13.061+05:30  INFO 12904 --- [restartedMain] .ConditionEvaluationDeltaLoggingListener : Condition evaluation unchanged
2023-10-13T16:55:28.289+05:30  INFO 12904 --- [http-nio-8080-exec-1] o.a.c.c.C.[Tomcat].[localhost].[/]       : Initializing Spring DispatcherServlet 'dispatcherServlet'
2023-10-13T16:55:28.290+05:30  INFO 12904 --- [http-nio-8080-exec-1] o.s.web.servlet.DispatcherServlet        : Initializing Servlet 'dispatcherServlet'
2023-10-13T16:55:28.290+05:30  INFO 12904 --- [http-nio-8080-exec-1] o.s.web.servlet.DispatcherServlet        : Completed initialization in 0 ms
2023-10-13T17:01:32.655+05:30  INFO 12904 --- [File Watcher] rtingClassPathChangeChangedEventListener : Restarting due to 1 class path change (0 additions, 0 deletions, 1 modification)
2023-10-13T17:01:32.673+05:30  INFO 12904 --- [Thread-11] o.apache.catalina.core.StandardService   : Stopping service [Tomcat]
2023-10-13T17:01:32.673+05:30  INFO 12904 --- [Thread-11] o.a.c.c.C.[Tomcat].[localhost].[/]       : Destroying Spring FrameworkServlet 'dispatcherServlet'
2023-10-13T17:01:32.676+05:30  INFO 12904 --- [Thread-11] j.LocalContainerEntityManagerFactoryBean : Closing JPA EntityManagerFactory for persistence unit 'default'
2023-10-13T17:01:32.677+05:30  INFO 12904 --- [Thread-11] com.zaxxer.hikari.HikariDataSource       : HikariPool-3 - Shutdown initiated...
2023-10-13T17:01:32.681+05:30  INFO 12904 --- [Thread-11] com.zaxxer.hikari.HikariDataSource       : HikariPool-3 - Shutdown completed.
2023-10-13T17:01:32.750+05:30  INFO 12904 --- [restartedMain] com.truYum.app.TruYumApplication         : Starting TruYumApplication using Java 17.0.7 with PID 12904 (C:\Personal Project\truYum\target\classes started by avijit.rana in C:\Personal Project\truYum)
2023-10-13T17:01:32.751+05:30  INFO 12904 --- [restartedMain] com.truYum.app.TruYumApplication         : No active profile set, falling back to 1 default profile: "default"
2023-10-13T17:01:32.851+05:30  INFO 12904 --- [restartedMain] .s.d.r.c.RepositoryConfigurationDelegate : Bootstrapping Spring Data JPA repositories in DEFAULT mode.
2023-10-13T17:01:32.854+05:30  INFO 12904 --- [restartedMain] .s.d.r.c.RepositoryConfigurationDelegate : Finished Spring Data repository scanning in 2 ms. Found 0 JPA repository interfaces.
2023-10-13T17:01:32.910+05:30  INFO 12904 --- [restartedMain] o.s.b.w.embedded.tomcat.TomcatWebServer  : Tomcat initialized with port(s): 8080 (http)
2023-10-13T17:01:32.911+05:30  INFO 12904 --- [restartedMain] o.apache.catalina.core.StandardService   : Starting service [Tomcat]
2023-10-13T17:01:32.911+05:30  INFO 12904 --- [restartedMain] o.apache.catalina.core.StandardEngine    : Starting Servlet engine: [Apache Tomcat/10.1.13]
2023-10-13T17:01:32.928+05:30  INFO 12904 --- [restartedMain] o.a.c.c.C.[Tomcat].[localhost].[/]       : Initializing Spring embedded WebApplicationContext
2023-10-13T17:01:32.928+05:30  INFO 12904 --- [restartedMain] w.s.c.ServletWebServerApplicationContext : Root WebApplicationContext: initialization completed in 176 ms
2023-10-13T17:01:32.951+05:30  INFO 12904 --- [restartedMain] o.hibernate.jpa.internal.util.LogHelper  : HHH000204: Processing PersistenceUnitInfo [name: default]
2023-10-13T17:01:32.959+05:30  INFO 12904 --- [restartedMain] o.h.b.i.BytecodeProviderInitiator        : HHH000021: Bytecode provider name : bytebuddy
2023-10-13T17:01:32.959+05:30  INFO 12904 --- [restartedMain] o.s.o.j.p.SpringPersistenceUnitInfo      : No LoadTimeWeaver setup: ignoring JPA class transformer
2023-10-13T17:01:32.960+05:30  INFO 12904 --- [restartedMain] com.zaxxer.hikari.HikariDataSource       : HikariPool-4 - Starting...
2023-10-13T17:01:32.972+05:30  INFO 12904 --- [restartedMain] com.zaxxer.hikari.pool.HikariPool        : HikariPool-4 - Added connection com.mysql.cj.jdbc.ConnectionImpl@6a83b3e4
2023-10-13T17:01:32.972+05:30  INFO 12904 --- [restartedMain] com.zaxxer.hikari.HikariDataSource       : HikariPool-4 - Start completed.
2023-10-13T17:01:32.973+05:30  WARN 12904 --- [restartedMain] org.hibernate.orm.deprecation            : HHH90000026: MySQL8Dialect has been deprecated; use org.hibernate.dialect.MySQLDialect instead
2023-10-13T17:01:32.980+05:30  INFO 12904 --- [restartedMain] o.h.b.i.BytecodeProviderInitiator        : HHH000021: Bytecode provider name : bytebuddy
2023-10-13T17:01:33.008+05:30  INFO 12904 --- [restartedMain] o.h.e.t.j.p.i.JtaPlatformInitiator       : HHH000490: Using JtaPlatform implementation: [org.hibernate.engine.transaction.jta.platform.internal.NoJtaPlatform]
2023-10-13T17:01:33.021+05:30  INFO 12904 --- [restartedMain] j.LocalContainerEntityManagerFactoryBean : Initialized JPA EntityManagerFactory for persistence unit 'default'
2023-10-13T17:01:33.026+05:30  INFO 12904 --- [restartedMain] f.a.AutowiredAnnotationBeanPostProcessor : Autowired annotation is not supported on static methods: public static void com.truYum.app.TruYumApplication.main(java.lang.String[])
2023-10-13T17:01:33.075+05:30  WARN 12904 --- [restartedMain] JpaBaseConfiguration$JpaWebConfiguration : spring.jpa.open-in-view is enabled by default. Therefore, database queries may be performed during view rendering. Explicitly configure spring.jpa.open-in-view to disable this warning
2023-10-13T17:01:33.158+05:30  INFO 12904 --- [restartedMain] o.s.b.d.a.OptionalLiveReloadServer       : LiveReload server is running on port 35729
2023-10-13T17:01:33.167+05:30  INFO 12904 --- [restartedMain] o.s.b.w.embedded.tomcat.TomcatWebServer  : Tomcat started on port(s): 8080 (http) with context path ''
2023-10-13T17:01:33.172+05:30  INFO 12904 --- [restartedMain] com.truYum.app.TruYumApplication         : Started TruYumApplication in 0.44 seconds (process running for 3348.753)
2023-10-13T17:01:33.173+05:30  INFO 12904 --- [restartedMain] .ConditionEvaluationDeltaLoggingListener : Condition evaluation unchanged
2023-10-13T17:01:34.189+05:30  INFO 12904 --- [http-nio-8080-exec-2] o.a.c.c.C.[Tomcat].[localhost].[/]       : Initializing Spring DispatcherServlet 'dispatcherServlet'
2023-10-13T17:01:34.189+05:30  INFO 12904 --- [http-nio-8080-exec-2] o.s.web.servlet.DispatcherServlet        : Initializing Servlet 'dispatcherServlet'
2023-10-13T17:01:34.190+05:30  INFO 12904 --- [http-nio-8080-exec-2] o.s.web.servlet.DispatcherServlet        : Completed initialization in 1 ms
2023-10-13T17:07:00.047+05:30  INFO 12904 --- [File Watcher] rtingClassPathChangeChangedEventListener : Restarting due to 1 class path change (1 addition, 0 deletions, 0 modifications)
2023-10-13T17:07:00.066+05:30  INFO 12904 --- [Thread-15] o.apache.catalina.core.StandardService   : Stopping service [Tomcat]
2023-10-13T17:07:00.067+05:30  INFO 12904 --- [Thread-15] o.a.c.c.C.[Tomcat].[localhost].[/]       : Destroying Spring FrameworkServlet 'dispatcherServlet'
2023-10-13T17:07:00.070+05:30  INFO 12904 --- [Thread-15] j.LocalContainerEntityManagerFactoryBean : Closing JPA EntityManagerFactory for persistence unit 'default'
2023-10-13T17:07:00.070+05:30  INFO 12904 --- [Thread-15] com.zaxxer.hikari.HikariDataSource       : HikariPool-4 - Shutdown initiated...
2023-10-13T17:07:00.075+05:30  INFO 12904 --- [Thread-15] com.zaxxer.hikari.HikariDataSource       : HikariPool-4 - Shutdown completed.
2023-10-13T17:07:00.132+05:30  INFO 12904 --- [restartedMain] com.truYum.app.TruYumApplication         : Starting TruYumApplication using Java 17.0.7 with PID 12904 (C:\Personal Project\truYum\target\classes started by avijit.rana in C:\Personal Project\truYum)
2023-10-13T17:07:00.132+05:30  INFO 12904 --- [restartedMain] com.truYum.app.TruYumApplication         : No active profile set, falling back to 1 default profile: "default"
2023-10-13T17:07:00.230+05:30  INFO 12904 --- [restartedMain] .s.d.r.c.RepositoryConfigurationDelegate : Bootstrapping Spring Data JPA repositories in DEFAULT mode.
2023-10-13T17:07:00.232+05:30  INFO 12904 --- [restartedMain] .s.d.r.c.RepositoryConfigurationDelegate : Finished Spring Data repository scanning in 1 ms. Found 0 JPA repository interfaces.
2023-10-13T17:07:00.296+05:30  INFO 12904 --- [restartedMain] o.s.b.w.embedded.tomcat.TomcatWebServer  : Tomcat initialized with port(s): 8080 (http)
2023-10-13T17:07:00.297+05:30  INFO 12904 --- [restartedMain] o.apache.catalina.core.StandardService   : Starting service [Tomcat]
2023-10-13T17:07:00.297+05:30  INFO 12904 --- [restartedMain] o.apache.catalina.core.StandardEngine    : Starting Servlet engine: [Apache Tomcat/10.1.13]
2023-10-13T17:07:00.314+05:30  INFO 12904 --- [restartedMain] o.a.c.c.C.[Tomcat].[localhost].[/]       : Initializing Spring embedded WebApplicationContext
2023-10-13T17:07:00.314+05:30  INFO 12904 --- [restartedMain] w.s.c.ServletWebServerApplicationContext : Root WebApplicationContext: initialization completed in 180 ms
2023-10-13T17:07:00.338+05:30  INFO 12904 --- [restartedMain] o.hibernate.jpa.internal.util.LogHelper  : HHH000204: Processing PersistenceUnitInfo [name: default]
2023-10-13T17:07:00.342+05:30  INFO 12904 --- [restartedMain] o.h.b.i.BytecodeProviderInitiator        : HHH000021: Bytecode provider name : bytebuddy
2023-10-13T17:07:00.342+05:30  INFO 12904 --- [restartedMain] o.s.o.j.p.SpringPersistenceUnitInfo      : No LoadTimeWeaver setup: ignoring JPA class transformer
2023-10-13T17:07:00.342+05:30  INFO 12904 --- [restartedMain] com.zaxxer.hikari.HikariDataSource       : HikariPool-5 - Starting...
2023-10-13T17:07:00.353+05:30  INFO 12904 --- [restartedMain] com.zaxxer.hikari.pool.HikariPool        : HikariPool-5 - Added connection com.mysql.cj.jdbc.ConnectionImpl@7cd949db
2023-10-13T17:07:00.353+05:30  INFO 12904 --- [restartedMain] com.zaxxer.hikari.HikariDataSource       : HikariPool-5 - Start completed.
2023-10-13T17:07:00.354+05:30  WARN 12904 --- [restartedMain] org.hibernate.orm.deprecation            : HHH90000026: MySQL8Dialect has been deprecated; use org.hibernate.dialect.MySQLDialect instead
2023-10-13T17:07:00.361+05:30  INFO 12904 --- [restartedMain] o.h.b.i.BytecodeProviderInitiator        : HHH000021: Bytecode provider name : bytebuddy
2023-10-13T17:07:00.380+05:30  INFO 12904 --- [restartedMain] o.h.e.t.j.p.i.JtaPlatformInitiator       : HHH000490: Using JtaPlatform implementation: [org.hibernate.engine.transaction.jta.platform.internal.NoJtaPlatform]
2023-10-13T17:07:00.398+05:30  INFO 12904 --- [restartedMain] j.LocalContainerEntityManagerFactoryBean : Initialized JPA EntityManagerFactory for persistence unit 'default'
2023-10-13T17:07:00.401+05:30  INFO 12904 --- [restartedMain] f.a.AutowiredAnnotationBeanPostProcessor : Autowired annotation is not supported on static methods: public static void com.truYum.app.TruYumApplication.main(java.lang.String[])
2023-10-13T17:07:00.429+05:30  WARN 12904 --- [restartedMain] JpaBaseConfiguration$JpaWebConfiguration : spring.jpa.open-in-view is enabled by default. Therefore, database queries may be performed during view rendering. Explicitly configure spring.jpa.open-in-view to disable this warning
2023-10-13T17:07:00.496+05:30  INFO 12904 --- [restartedMain] o.s.b.d.a.OptionalLiveReloadServer       : LiveReload server is running on port 35729
2023-10-13T17:07:00.508+05:30  INFO 12904 --- [restartedMain] o.s.b.w.embedded.tomcat.TomcatWebServer  : Tomcat started on port(s): 8080 (http) with context path ''
2023-10-13T17:07:00.513+05:30  INFO 12904 --- [restartedMain] com.truYum.app.TruYumApplication         : Started TruYumApplication in 0.398 seconds (process running for 3676.095)
2023-10-13T17:07:00.515+05:30  INFO 12904 --- [restartedMain] .ConditionEvaluationDeltaLoggingListener : Condition evaluation unchanged
2023-10-13T17:07:32.767+05:30  INFO 12904 --- [File Watcher] rtingClassPathChangeChangedEventListener : Restarting due to 1 class path change (0 additions, 0 deletions, 1 modification)
2023-10-13T17:07:32.793+05:30  INFO 12904 --- [Thread-19] o.apache.catalina.core.StandardService   : Stopping service [Tomcat]
2023-10-13T17:07:32.796+05:30  INFO 12904 --- [Thread-19] j.LocalContainerEntityManagerFactoryBean : Closing JPA EntityManagerFactory for persistence unit 'default'
2023-10-13T17:07:32.796+05:30  INFO 12904 --- [Thread-19] com.zaxxer.hikari.HikariDataSource       : HikariPool-5 - Shutdown initiated...
2023-10-13T17:07:32.800+05:30  INFO 12904 --- [Thread-19] com.zaxxer.hikari.HikariDataSource       : HikariPool-5 - Shutdown completed.
2023-10-13T17:07:32.857+05:30  INFO 12904 --- [restartedMain] com.truYum.app.TruYumApplication         : Starting TruYumApplication using Java 17.0.7 with PID 12904 (C:\Personal Project\truYum\target\classes started by avijit.rana in C:\Personal Project\truYum)
2023-10-13T17:07:32.857+05:30  INFO 12904 --- [restartedMain] com.truYum.app.TruYumApplication         : No active profile set, falling back to 1 default profile: "default"
2023-10-13T17:07:32.950+05:30  INFO 12904 --- [restartedMain] .s.d.r.c.RepositoryConfigurationDelegate : Bootstrapping Spring Data JPA repositories in DEFAULT mode.
2023-10-13T17:07:32.954+05:30  INFO 12904 --- [restartedMain] .s.d.r.c.RepositoryConfigurationDelegate : Finished Spring Data repository scanning in 3 ms. Found 0 JPA repository interfaces.
2023-10-13T17:07:33.020+05:30  INFO 12904 --- [restartedMain] o.s.b.w.embedded.tomcat.TomcatWebServer  : Tomcat initialized with port(s): 8080 (http)
2023-10-13T17:07:33.021+05:30  INFO 12904 --- [restartedMain] o.apache.catalina.core.StandardService   : Starting service [Tomcat]
2023-10-13T17:07:33.021+05:30  INFO 12904 --- [restartedMain] o.apache.catalina.core.StandardEngine    : Starting Servlet engine: [Apache Tomcat/10.1.13]
2023-10-13T17:07:33.035+05:30  INFO 12904 --- [restartedMain] o.a.c.c.C.[Tomcat].[localhost].[/]       : Initializing Spring embedded WebApplicationContext
2023-10-13T17:07:33.035+05:30  INFO 12904 --- [restartedMain] w.s.c.ServletWebServerApplicationContext : Root WebApplicationContext: initialization completed in 177 ms
2023-10-13T17:07:33.061+05:30  INFO 12904 --- [restartedMain] o.hibernate.jpa.internal.util.LogHelper  : HHH000204: Processing PersistenceUnitInfo [name: default]
2023-10-13T17:07:33.066+05:30  INFO 12904 --- [restartedMain] o.h.b.i.BytecodeProviderInitiator        : HHH000021: Bytecode provider name : bytebuddy
2023-10-13T17:07:33.066+05:30  INFO 12904 --- [restartedMain] o.s.o.j.p.SpringPersistenceUnitInfo      : No LoadTimeWeaver setup: ignoring JPA class transformer
2023-10-13T17:07:33.067+05:30  INFO 12904 --- [restartedMain] com.zaxxer.hikari.HikariDataSource       : HikariPool-6 - Starting...
2023-10-13T17:07:33.079+05:30  INFO 12904 --- [restartedMain] com.zaxxer.hikari.pool.HikariPool        : HikariPool-6 - Added connection com.mysql.cj.jdbc.ConnectionImpl@5d5560eb
2023-10-13T17:07:33.080+05:30  INFO 12904 --- [restartedMain] com.zaxxer.hikari.HikariDataSource       : HikariPool-6 - Start completed.
2023-10-13T17:07:33.080+05:30  WARN 12904 --- [restartedMain] org.hibernate.orm.deprecation            : HHH90000026: MySQL8Dialect has been deprecated; use org.hibernate.dialect.MySQLDialect instead
2023-10-13T17:07:33.090+05:30  INFO 12904 --- [restartedMain] o.h.b.i.BytecodeProviderInitiator        : HHH000021: Bytecode provider name : bytebuddy
2023-10-13T17:07:33.115+05:30  INFO 12904 --- [restartedMain] o.h.e.t.j.p.i.JtaPlatformInitiator       : HHH000490: Using JtaPlatform implementation: [org.hibernate.engine.transaction.jta.platform.internal.NoJtaPlatform]
2023-10-13T17:07:33.121+05:30  INFO 12904 --- [restartedMain] j.LocalContainerEntityManagerFactoryBean : Initialized JPA EntityManagerFactory for persistence unit 'default'
2023-10-13T17:07:33.124+05:30  INFO 12904 --- [restartedMain] f.a.AutowiredAnnotationBeanPostProcessor : Autowired annotation is not supported on static methods: public static void com.truYum.app.TruYumApplication.main(java.lang.String[])
2023-10-13T17:07:33.148+05:30  WARN 12904 --- [restartedMain] JpaBaseConfiguration$JpaWebConfiguration : spring.jpa.open-in-view is enabled by default. Therefore, database queries may be performed during view rendering. Explicitly configure spring.jpa.open-in-view to disable this warning
2023-10-13T17:07:33.206+05:30  INFO 12904 --- [restartedMain] o.s.b.d.a.OptionalLiveReloadServer       : LiveReload server is running on port 35729
2023-10-13T17:07:33.217+05:30  INFO 12904 --- [restartedMain] o.s.b.w.embedded.tomcat.TomcatWebServer  : Tomcat started on port(s): 8080 (http) with context path ''
2023-10-13T17:07:33.222+05:30  INFO 12904 --- [restartedMain] com.truYum.app.TruYumApplication         : Started TruYumApplication in 0.379 seconds (process running for 3708.802)
2023-10-13T17:07:33.225+05:30  INFO 12904 --- [restartedMain] .ConditionEvaluationDeltaLoggingListener : Condition evaluation unchanged
2023-10-13T17:08:06.478+05:30  INFO 12904 --- [File Watcher] rtingClassPathChangeChangedEventListener : Restarting due to 1 class path change (0 additions, 0 deletions, 1 modification)
2023-10-13T17:08:06.493+05:30  INFO 12904 --- [Thread-23] o.apache.catalina.core.StandardService   : Stopping service [Tomcat]
2023-10-13T17:08:06.496+05:30  INFO 12904 --- [Thread-23] j.LocalContainerEntityManagerFactoryBean : Closing JPA EntityManagerFactory for persistence unit 'default'
2023-10-13T17:08:06.496+05:30  INFO 12904 --- [Thread-23] com.zaxxer.hikari.HikariDataSource       : HikariPool-6 - Shutdown initiated...
2023-10-13T17:08:06.500+05:30  INFO 12904 --- [Thread-23] com.zaxxer.hikari.HikariDataSource       : HikariPool-6 - Shutdown completed.
2023-10-13T17:08:06.551+05:30  INFO 12904 --- [restartedMain] com.truYum.app.TruYumApplication         : Starting TruYumApplication using Java 17.0.7 with PID 12904 (C:\Personal Project\truYum\target\classes started by avijit.rana in C:\Personal Project\truYum)
2023-10-13T17:08:06.552+05:30  INFO 12904 --- [restartedMain] com.truYum.app.TruYumApplication         : No active profile set, falling back to 1 default profile: "default"
2023-10-13T17:08:06.632+05:30  INFO 12904 --- [restartedMain] .s.d.r.c.RepositoryConfigurationDelegate : Bootstrapping Spring Data JPA repositories in DEFAULT mode.
2023-10-13T17:08:06.634+05:30  INFO 12904 --- [restartedMain] .s.d.r.c.RepositoryConfigurationDelegate : Finished Spring Data repository scanning in 1 ms. Found 0 JPA repository interfaces.
2023-10-13T17:08:06.677+05:30  INFO 12904 --- [restartedMain] o.s.b.w.embedded.tomcat.TomcatWebServer  : Tomcat initialized with port(s): 8080 (http)
2023-10-13T17:08:06.678+05:30  INFO 12904 --- [restartedMain] o.apache.catalina.core.StandardService   : Starting service [Tomcat]
2023-10-13T17:08:06.678+05:30  INFO 12904 --- [restartedMain] o.apache.catalina.core.StandardEngine    : Starting Servlet engine: [Apache Tomcat/10.1.13]
2023-10-13T17:08:06.690+05:30  INFO 12904 --- [restartedMain] o.a.c.c.C.[Tomcat].[localhost].[/]       : Initializing Spring embedded WebApplicationContext
2023-10-13T17:08:06.690+05:30  INFO 12904 --- [restartedMain] w.s.c.ServletWebServerApplicationContext : Root WebApplicationContext: initialization completed in 137 ms
2023-10-13T17:08:06.713+05:30  INFO 12904 --- [restartedMain] o.hibernate.jpa.internal.util.LogHelper  : HHH000204: Processing PersistenceUnitInfo [name: default]
2023-10-13T17:08:06.716+05:30  INFO 12904 --- [restartedMain] o.h.b.i.BytecodeProviderInitiator        : HHH000021: Bytecode provider name : bytebuddy
2023-10-13T17:08:06.717+05:30  INFO 12904 --- [restartedMain] o.s.o.j.p.SpringPersistenceUnitInfo      : No LoadTimeWeaver setup: ignoring JPA class transformer
2023-10-13T17:08:06.717+05:30  INFO 12904 --- [restartedMain] com.zaxxer.hikari.HikariDataSource       : HikariPool-7 - Starting...
2023-10-13T17:08:06.728+05:30  INFO 12904 --- [restartedMain] com.zaxxer.hikari.pool.HikariPool        : HikariPool-7 - Added connection com.mysql.cj.jdbc.ConnectionImpl@6c2bfb55
2023-10-13T17:08:06.728+05:30  INFO 12904 --- [restartedMain] com.zaxxer.hikari.HikariDataSource       : HikariPool-7 - Start completed.
2023-10-13T17:08:06.728+05:30  WARN 12904 --- [restartedMain] org.hibernate.orm.deprecation            : HHH90000026: MySQL8Dialect has been deprecated; use org.hibernate.dialect.MySQLDialect instead
2023-10-13T17:08:06.735+05:30  INFO 12904 --- [restartedMain] o.h.b.i.BytecodeProviderInitiator        : HHH000021: Bytecode provider name : bytebuddy
2023-10-13T17:08:06.752+05:30  INFO 12904 --- [restartedMain] o.h.e.t.j.p.i.JtaPlatformInitiator       : HHH000490: Using JtaPlatform implementation: [org.hibernate.engine.transaction.jta.platform.internal.NoJtaPlatform]
2023-10-13T17:08:06.758+05:30  INFO 12904 --- [restartedMain] j.LocalContainerEntityManagerFactoryBean : Initialized JPA EntityManagerFactory for persistence unit 'default'
2023-10-13T17:08:06.761+05:30  INFO 12904 --- [restartedMain] f.a.AutowiredAnnotationBeanPostProcessor : Autowired annotation is not supported on static methods: public static void com.truYum.app.TruYumApplication.main(java.lang.String[])
2023-10-13T17:08:06.784+05:30  WARN 12904 --- [restartedMain] JpaBaseConfiguration$JpaWebConfiguration : spring.jpa.open-in-view is enabled by default. Therefore, database queries may be performed during view rendering. Explicitly configure spring.jpa.open-in-view to disable this warning
2023-10-13T17:08:06.828+05:30  INFO 12904 --- [restartedMain] o.s.b.d.a.OptionalLiveReloadServer       : LiveReload server is running on port 35729
2023-10-13T17:08:06.838+05:30  INFO 12904 --- [restartedMain] o.s.b.w.embedded.tomcat.TomcatWebServer  : Tomcat started on port(s): 8080 (http) with context path ''
2023-10-13T17:08:06.842+05:30  INFO 12904 --- [restartedMain] com.truYum.app.TruYumApplication         : Started TruYumApplication in 0.302 seconds (process running for 3742.422)
2023-10-13T17:08:06.843+05:30  INFO 12904 --- [restartedMain] .ConditionEvaluationDeltaLoggingListener : Condition evaluation unchanged
2023-10-13T17:09:04.736+05:30  INFO 12904 --- [File Watcher] rtingClassPathChangeChangedEventListener : Restarting due to 1 class path change (0 additions, 0 deletions, 1 modification)
2023-10-13T17:09:04.756+05:30  INFO 12904 --- [Thread-27] o.apache.catalina.core.StandardService   : Stopping service [Tomcat]
2023-10-13T17:09:04.759+05:30  INFO 12904 --- [Thread-27] j.LocalContainerEntityManagerFactoryBean : Closing JPA EntityManagerFactory for persistence unit 'default'
2023-10-13T17:09:04.759+05:30  INFO 12904 --- [Thread-27] com.zaxxer.hikari.HikariDataSource       : HikariPool-7 - Shutdown initiated...
2023-10-13T17:09:04.763+05:30  INFO 12904 --- [Thread-27] com.zaxxer.hikari.HikariDataSource       : HikariPool-7 - Shutdown completed.
2023-10-13T17:09:04.811+05:30  INFO 12904 --- [restartedMain] com.truYum.app.TruYumApplication         : Starting TruYumApplication using Java 17.0.7 with PID 12904 (C:\Personal Project\truYum\target\classes started by avijit.rana in C:\Personal Project\truYum)
2023-10-13T17:09:04.811+05:30  INFO 12904 --- [restartedMain] com.truYum.app.TruYumApplication         : No active profile set, falling back to 1 default profile: "default"
2023-10-13T17:09:04.904+05:30  INFO 12904 --- [restartedMain] .s.d.r.c.RepositoryConfigurationDelegate : Bootstrapping Spring Data JPA repositories in DEFAULT mode.
2023-10-13T17:09:04.906+05:30  INFO 12904 --- [restartedMain] .s.d.r.c.RepositoryConfigurationDelegate : Finished Spring Data repository scanning in 1 ms. Found 0 JPA repository interfaces.
2023-10-13T17:09:04.951+05:30  INFO 12904 --- [restartedMain] o.s.b.w.embedded.tomcat.TomcatWebServer  : Tomcat initialized with port(s): 8080 (http)
2023-10-13T17:09:04.951+05:30  INFO 12904 --- [restartedMain] o.apache.catalina.core.StandardService   : Starting service [Tomcat]
2023-10-13T17:09:04.952+05:30  INFO 12904 --- [restartedMain] o.apache.catalina.core.StandardEngine    : Starting Servlet engine: [Apache Tomcat/10.1.13]
2023-10-13T17:09:04.963+05:30  INFO 12904 --- [restartedMain] o.a.c.c.C.[Tomcat].[localhost].[/]       : Initializing Spring embedded WebApplicationContext
2023-10-13T17:09:04.963+05:30  INFO 12904 --- [restartedMain] w.s.c.ServletWebServerApplicationContext : Root WebApplicationContext: initialization completed in 151 ms
2023-10-13T17:09:04.985+05:30  INFO 12904 --- [restartedMain] o.hibernate.jpa.internal.util.LogHelper  : HHH000204: Processing PersistenceUnitInfo [name: default]
2023-10-13T17:09:04.988+05:30  INFO 12904 --- [restartedMain] o.h.b.i.BytecodeProviderInitiator        : HHH000021: Bytecode provider name : bytebuddy
2023-10-13T17:09:04.988+05:30  INFO 12904 --- [restartedMain] o.s.o.j.p.SpringPersistenceUnitInfo      : No LoadTimeWeaver setup: ignoring JPA class transformer
2023-10-13T17:09:04.989+05:30  INFO 12904 --- [restartedMain] com.zaxxer.hikari.HikariDataSource       : HikariPool-8 - Starting...
2023-10-13T17:09:04.999+05:30  INFO 12904 --- [restartedMain] com.zaxxer.hikari.pool.HikariPool        : HikariPool-8 - Added connection com.mysql.cj.jdbc.ConnectionImpl@18cd9ef7
2023-10-13T17:09:04.999+05:30  INFO 12904 --- [restartedMain] com.zaxxer.hikari.HikariDataSource       : HikariPool-8 - Start completed.
2023-10-13T17:09:04.999+05:30  WARN 12904 --- [restartedMain] org.hibernate.orm.deprecation            : HHH90000026: MySQL8Dialect has been deprecated; use org.hibernate.dialect.MySQLDialect instead
2023-10-13T17:09:05.006+05:30  INFO 12904 --- [restartedMain] o.h.b.i.BytecodeProviderInitiator        : HHH000021: Bytecode provider name : bytebuddy
2023-10-13T17:09:05.025+05:30  INFO 12904 --- [restartedMain] o.h.e.t.j.p.i.JtaPlatformInitiator       : HHH000490: Using JtaPlatform implementation: [org.hibernate.engine.transaction.jta.platform.internal.NoJtaPlatform]
2023-10-13T17:09:05.042+05:30  INFO 12904 --- [restartedMain] j.LocalContainerEntityManagerFactoryBean : Initialized JPA EntityManagerFactory for persistence unit 'default'
2023-10-13T17:09:05.044+05:30  INFO 12904 --- [restartedMain] f.a.AutowiredAnnotationBeanPostProcessor : Autowired annotation is not supported on static methods: public static void com.truYum.app.TruYumApplication.main(java.lang.String[])
2023-10-13T17:09:05.067+05:30  WARN 12904 --- [restartedMain] JpaBaseConfiguration$JpaWebConfiguration : spring.jpa.open-in-view is enabled by default. Therefore, database queries may be performed during view rendering. Explicitly configure spring.jpa.open-in-view to disable this warning
2023-10-13T17:09:05.117+05:30  INFO 12904 --- [restartedMain] o.s.b.d.a.OptionalLiveReloadServer       : LiveReload server is running on port 35729
2023-10-13T17:09:05.126+05:30  INFO 12904 --- [restartedMain] o.s.b.w.embedded.tomcat.TomcatWebServer  : Tomcat started on port(s): 8080 (http) with context path ''
2023-10-13T17:09:05.129+05:30  INFO 12904 --- [restartedMain] com.truYum.app.TruYumApplication         : Started TruYumApplication in 0.331 seconds (process running for 3800.71)
2023-10-13T17:09:05.131+05:30  INFO 12904 --- [restartedMain] .ConditionEvaluationDeltaLoggingListener : Condition evaluation unchanged
2023-10-13T17:12:50.521+05:30  INFO 12904 --- [File Watcher] rtingClassPathChangeChangedEventListener : Restarting due to 1 class path change (0 additions, 0 deletions, 1 modification)
2023-10-13T17:12:50.543+05:30  INFO 12904 --- [Thread-31] o.apache.catalina.core.StandardService   : Stopping service [Tomcat]
2023-10-13T17:12:50.546+05:30  INFO 12904 --- [Thread-31] j.LocalContainerEntityManagerFactoryBean : Closing JPA EntityManagerFactory for persistence unit 'default'
2023-10-13T17:12:50.546+05:30  INFO 12904 --- [Thread-31] com.zaxxer.hikari.HikariDataSource       : HikariPool-8 - Shutdown initiated...
2023-10-13T17:12:50.550+05:30  INFO 12904 --- [Thread-31] com.zaxxer.hikari.HikariDataSource       : HikariPool-8 - Shutdown completed.
2023-10-13T17:12:50.607+05:30  INFO 12904 --- [restartedMain] com.truYum.app.TruYumApplication         : Starting TruYumApplication using Java 17.0.7 with PID 12904 (C:\Personal Project\truYum\target\classes started by avijit.rana in C:\Personal Project\truYum)
2023-10-13T17:12:50.607+05:30  INFO 12904 --- [restartedMain] com.truYum.app.TruYumApplication         : No active profile set, falling back to 1 default profile: "default"
2023-10-13T17:12:50.689+05:30  INFO 12904 --- [restartedMain] .s.d.r.c.RepositoryConfigurationDelegate : Bootstrapping Spring Data JPA repositories in DEFAULT mode.
2023-10-13T17:12:50.691+05:30  INFO 12904 --- [restartedMain] .s.d.r.c.RepositoryConfigurationDelegate : Finished Spring Data repository scanning in 1 ms. Found 0 JPA repository interfaces.
2023-10-13T17:12:50.738+05:30  INFO 12904 --- [restartedMain] o.s.b.w.embedded.tomcat.TomcatWebServer  : Tomcat initialized with port(s): 8080 (http)
2023-10-13T17:12:50.738+05:30  INFO 12904 --- [restartedMain] o.apache.catalina.core.StandardService   : Starting service [Tomcat]
2023-10-13T17:12:50.738+05:30  INFO 12904 --- [restartedMain] o.apache.catalina.core.StandardEngine    : Starting Servlet engine: [Apache Tomcat/10.1.13]
2023-10-13T17:12:50.750+05:30  INFO 12904 --- [restartedMain] o.a.c.c.C.[Tomcat].[localhost].[/]       : Initializing Spring embedded WebApplicationContext
2023-10-13T17:12:50.750+05:30  INFO 12904 --- [restartedMain] w.s.c.ServletWebServerApplicationContext : Root WebApplicationContext: initialization completed in 142 ms
2023-10-13T17:12:50.772+05:30  INFO 12904 --- [restartedMain] o.hibernate.jpa.internal.util.LogHelper  : HHH000204: Processing PersistenceUnitInfo [name: default]
2023-10-13T17:12:50.775+05:30  INFO 12904 --- [restartedMain] o.h.b.i.BytecodeProviderInitiator        : HHH000021: Bytecode provider name : bytebuddy
2023-10-13T17:12:50.775+05:30  INFO 12904 --- [restartedMain] o.s.o.j.p.SpringPersistenceUnitInfo      : No LoadTimeWeaver setup: ignoring JPA class transformer
2023-10-13T17:12:50.776+05:30  INFO 12904 --- [restartedMain] com.zaxxer.hikari.HikariDataSource       : HikariPool-9 - Starting...
2023-10-13T17:12:50.785+05:30  INFO 12904 --- [restartedMain] com.zaxxer.hikari.pool.HikariPool        : HikariPool-9 - Added connection com.mysql.cj.jdbc.ConnectionImpl@1c894526
2023-10-13T17:12:50.785+05:30  INFO 12904 --- [restartedMain] com.zaxxer.hikari.HikariDataSource       : HikariPool-9 - Start completed.
2023-10-13T17:12:50.785+05:30  WARN 12904 --- [restartedMain] org.hibernate.orm.deprecation            : HHH90000026: MySQL8Dialect has been deprecated; use org.hibernate.dialect.MySQLDialect instead
2023-10-13T17:12:50.791+05:30  INFO 12904 --- [restartedMain] o.h.b.i.BytecodeProviderInitiator        : HHH000021: Bytecode provider name : bytebuddy
2023-10-13T17:12:50.805+05:30  INFO 12904 --- [restartedMain] o.h.e.t.j.p.i.JtaPlatformInitiator       : HHH000490: Using JtaPlatform implementation: [org.hibernate.engine.transaction.jta.platform.internal.NoJtaPlatform]
2023-10-13T17:12:50.811+05:30  INFO 12904 --- [restartedMain] j.LocalContainerEntityManagerFactoryBean : Initialized JPA EntityManagerFactory for persistence unit 'default'
2023-10-13T17:12:50.813+05:30  INFO 12904 --- [restartedMain] f.a.AutowiredAnnotationBeanPostProcessor : Autowired annotation is not supported on static methods: public static void com.truYum.app.TruYumApplication.main(java.lang.String[])
2023-10-13T17:12:50.841+05:30  WARN 12904 --- [restartedMain] JpaBaseConfiguration$JpaWebConfiguration : spring.jpa.open-in-view is enabled by default. Therefore, database queries may be performed during view rendering. Explicitly configure spring.jpa.open-in-view to disable this warning
2023-10-13T17:12:50.887+05:30  INFO 12904 --- [restartedMain] o.s.b.d.a.OptionalLiveReloadServer       : LiveReload server is running on port 35729
2023-10-13T17:12:50.896+05:30  INFO 12904 --- [restartedMain] o.s.b.w.embedded.tomcat.TomcatWebServer  : Tomcat started on port(s): 8080 (http) with context path ''
2023-10-13T17:12:50.901+05:30  INFO 12904 --- [restartedMain] com.truYum.app.TruYumApplication         : Started TruYumApplication in 0.308 seconds (process running for 4026.482)
2023-10-13T17:12:50.902+05:30  INFO 12904 --- [restartedMain] .ConditionEvaluationDeltaLoggingListener : Condition evaluation unchanged
2023-10-13T17:14:18.544+05:30  INFO 12904 --- [File Watcher] rtingClassPathChangeChangedEventListener : Restarting due to 1 class path change (0 additions, 0 deletions, 1 modification)
2023-10-13T17:14:18.558+05:30  INFO 12904 --- [Thread-35] o.apache.catalina.core.StandardService   : Stopping service [Tomcat]
2023-10-13T17:14:18.562+05:30  INFO 12904 --- [Thread-35] j.LocalContainerEntityManagerFactoryBean : Closing JPA EntityManagerFactory for persistence unit 'default'
2023-10-13T17:14:18.562+05:30  INFO 12904 --- [Thread-35] com.zaxxer.hikari.HikariDataSource       : HikariPool-9 - Shutdown initiated...
2023-10-13T17:14:18.566+05:30  INFO 12904 --- [Thread-35] com.zaxxer.hikari.HikariDataSource       : HikariPool-9 - Shutdown completed.
2023-10-13T17:14:18.613+05:30  INFO 12904 --- [restartedMain] com.truYum.app.TruYumApplication         : Starting TruYumApplication using Java 17.0.7 with PID 12904 (C:\Personal Project\truYum\target\classes started by avijit.rana in C:\Personal Project\truYum)
2023-10-13T17:14:18.613+05:30  INFO 12904 --- [restartedMain] com.truYum.app.TruYumApplication         : No active profile set, falling back to 1 default profile: "default"
2023-10-13T17:14:18.693+05:30  INFO 12904 --- [restartedMain] .s.d.r.c.RepositoryConfigurationDelegate : Bootstrapping Spring Data JPA repositories in DEFAULT mode.
2023-10-13T17:14:18.695+05:30  INFO 12904 --- [restartedMain] .s.d.r.c.RepositoryConfigurationDelegate : Finished Spring Data repository scanning in 1 ms. Found 0 JPA repository interfaces.
2023-10-13T17:14:18.737+05:30  INFO 12904 --- [restartedMain] o.s.b.w.embedded.tomcat.TomcatWebServer  : Tomcat initialized with port(s): 8080 (http)
2023-10-13T17:14:18.737+05:30  INFO 12904 --- [restartedMain] o.apache.catalina.core.StandardService   : Starting service [Tomcat]
2023-10-13T17:14:18.737+05:30  INFO 12904 --- [restartedMain] o.apache.catalina.core.StandardEngine    : Starting Servlet engine: [Apache Tomcat/10.1.13]
2023-10-13T17:14:18.754+05:30  INFO 12904 --- [restartedMain] o.a.c.c.C.[Tomcat].[localhost].[/]       : Initializing Spring embedded WebApplicationContext
2023-10-13T17:14:18.756+05:30  INFO 12904 --- [restartedMain] w.s.c.ServletWebServerApplicationContext : Root WebApplicationContext: initialization completed in 143 ms
2023-10-13T17:14:18.773+05:30  INFO 12904 --- [restartedMain] o.hibernate.jpa.internal.util.LogHelper  : HHH000204: Processing PersistenceUnitInfo [name: default]
2023-10-13T17:14:18.776+05:30  INFO 12904 --- [restartedMain] o.h.b.i.BytecodeProviderInitiator        : HHH000021: Bytecode provider name : bytebuddy
2023-10-13T17:14:18.776+05:30  INFO 12904 --- [restartedMain] o.s.o.j.p.SpringPersistenceUnitInfo      : No LoadTimeWeaver setup: ignoring JPA class transformer
2023-10-13T17:14:18.777+05:30  INFO 12904 --- [restartedMain] com.zaxxer.hikari.HikariDataSource       : HikariPool-10 - Starting...
2023-10-13T17:14:18.786+05:30  INFO 12904 --- [restartedMain] com.zaxxer.hikari.pool.HikariPool        : HikariPool-10 - Added connection com.mysql.cj.jdbc.ConnectionImpl@465a5155
2023-10-13T17:14:18.786+05:30  INFO 12904 --- [restartedMain] com.zaxxer.hikari.HikariDataSource       : HikariPool-10 - Start completed.
2023-10-13T17:14:18.787+05:30  WARN 12904 --- [restartedMain] org.hibernate.orm.deprecation            : HHH90000026: MySQL8Dialect has been deprecated; use org.hibernate.dialect.MySQLDialect instead
2023-10-13T17:14:18.793+05:30  INFO 12904 --- [restartedMain] o.h.b.i.BytecodeProviderInitiator        : HHH000021: Bytecode provider name : bytebuddy
2023-10-13T17:14:18.808+05:30  INFO 12904 --- [restartedMain] o.h.e.t.j.p.i.JtaPlatformInitiator       : HHH000490: Using JtaPlatform implementation: [org.hibernate.engine.transaction.jta.platform.internal.NoJtaPlatform]
2023-10-13T17:14:18.814+05:30  INFO 12904 --- [restartedMain] j.LocalContainerEntityManagerFactoryBean : Initialized JPA EntityManagerFactory for persistence unit 'default'
2023-10-13T17:14:18.817+05:30  INFO 12904 --- [restartedMain] f.a.AutowiredAnnotationBeanPostProcessor : Autowired annotation is not supported on static methods: public static void com.truYum.app.TruYumApplication.main(java.lang.String[])
2023-10-13T17:14:18.844+05:30  WARN 12904 --- [restartedMain] JpaBaseConfiguration$JpaWebConfiguration : spring.jpa.open-in-view is enabled by default. Therefore, database queries may be performed during view rendering. Explicitly configure spring.jpa.open-in-view to disable this warning
2023-10-13T17:14:18.889+05:30  INFO 12904 --- [restartedMain] o.s.b.d.a.OptionalLiveReloadServer       : LiveReload server is running on port 35729
2023-10-13T17:14:18.900+05:30  INFO 12904 --- [restartedMain] o.s.b.w.embedded.tomcat.TomcatWebServer  : Tomcat started on port(s): 8080 (http) with context path ''
2023-10-13T17:14:18.903+05:30  INFO 12904 --- [restartedMain] com.truYum.app.TruYumApplication         : Started TruYumApplication in 0.304 seconds (process running for 4114.484)
2023-10-13T17:14:18.905+05:30  INFO 12904 --- [restartedMain] .ConditionEvaluationDeltaLoggingListener : Condition evaluation unchanged
2023-10-13T17:14:35.690+05:30  INFO 12904 --- [File Watcher] rtingClassPathChangeChangedEventListener : Restarting due to 1 class path change (0 additions, 0 deletions, 1 modification)
2023-10-13T17:14:35.708+05:30  INFO 12904 --- [Thread-39] o.apache.catalina.core.StandardService   : Stopping service [Tomcat]
2023-10-13T17:14:35.710+05:30  INFO 12904 --- [Thread-39] j.LocalContainerEntityManagerFactoryBean : Closing JPA EntityManagerFactory for persistence unit 'default'
2023-10-13T17:14:35.711+05:30  INFO 12904 --- [Thread-39] com.zaxxer.hikari.HikariDataSource       : HikariPool-10 - Shutdown initiated...
2023-10-13T17:14:35.715+05:30  INFO 12904 --- [Thread-39] com.zaxxer.hikari.HikariDataSource       : HikariPool-10 - Shutdown completed.
2023-10-13T17:14:35.761+05:30  INFO 12904 --- [restartedMain] com.truYum.app.TruYumApplication         : Starting TruYumApplication using Java 17.0.7 with PID 12904 (C:\Personal Project\truYum\target\classes started by avijit.rana in C:\Personal Project\truYum)
2023-10-13T17:14:35.761+05:30  INFO 12904 --- [restartedMain] com.truYum.app.TruYumApplication         : No active profile set, falling back to 1 default profile: "default"
2023-10-13T17:14:35.838+05:30  INFO 12904 --- [restartedMain] .s.d.r.c.RepositoryConfigurationDelegate : Bootstrapping Spring Data JPA repositories in DEFAULT mode.
2023-10-13T17:14:35.840+05:30  INFO 12904 --- [restartedMain] .s.d.r.c.RepositoryConfigurationDelegate : Finished Spring Data repository scanning in 1 ms. Found 0 JPA repository interfaces.
2023-10-13T17:14:35.882+05:30  INFO 12904 --- [restartedMain] o.s.b.w.embedded.tomcat.TomcatWebServer  : Tomcat initialized with port(s): 8080 (http)
2023-10-13T17:14:35.883+05:30  INFO 12904 --- [restartedMain] o.apache.catalina.core.StandardService   : Starting service [Tomcat]
2023-10-13T17:14:35.883+05:30  INFO 12904 --- [restartedMain] o.apache.catalina.core.StandardEngine    : Starting Servlet engine: [Apache Tomcat/10.1.13]
2023-10-13T17:14:35.894+05:30  INFO 12904 --- [restartedMain] o.a.c.c.C.[Tomcat].[localhost].[/]       : Initializing Spring embedded WebApplicationContext
2023-10-13T17:14:35.894+05:30  INFO 12904 --- [restartedMain] w.s.c.ServletWebServerApplicationContext : Root WebApplicationContext: initialization completed in 132 ms
2023-10-13T17:14:35.915+05:30  INFO 12904 --- [restartedMain] o.hibernate.jpa.internal.util.LogHelper  : HHH000204: Processing PersistenceUnitInfo [name: default]
2023-10-13T17:14:35.919+05:30  INFO 12904 --- [restartedMain] o.h.b.i.BytecodeProviderInitiator        : HHH000021: Bytecode provider name : bytebuddy
2023-10-13T17:14:35.919+05:30  INFO 12904 --- [restartedMain] o.s.o.j.p.SpringPersistenceUnitInfo      : No LoadTimeWeaver setup: ignoring JPA class transformer
2023-10-13T17:14:35.920+05:30  INFO 12904 --- [restartedMain] com.zaxxer.hikari.HikariDataSource       : HikariPool-11 - Starting...
2023-10-13T17:14:35.930+05:30  INFO 12904 --- [restartedMain] com.zaxxer.hikari.pool.HikariPool        : HikariPool-11 - Added connection com.mysql.cj.jdbc.ConnectionImpl@6c32d92b
2023-10-13T17:14:35.930+05:30  INFO 12904 --- [restartedMain] com.zaxxer.hikari.HikariDataSource       : HikariPool-11 - Start completed.
2023-10-13T17:14:35.930+05:30  WARN 12904 --- [restartedMain] org.hibernate.orm.deprecation            : HHH90000026: MySQL8Dialect has been deprecated; use org.hibernate.dialect.MySQLDialect instead
2023-10-13T17:14:35.936+05:30  INFO 12904 --- [restartedMain] o.h.b.i.BytecodeProviderInitiator        : HHH000021: Bytecode provider name : bytebuddy
2023-10-13T17:14:35.954+05:30  INFO 12904 --- [restartedMain] o.h.e.t.j.p.i.JtaPlatformInitiator       : HHH000490: Using JtaPlatform implementation: [org.hibernate.engine.transaction.jta.platform.internal.NoJtaPlatform]
2023-10-13T17:14:35.970+05:30  INFO 12904 --- [restartedMain] j.LocalContainerEntityManagerFactoryBean : Initialized JPA EntityManagerFactory for persistence unit 'default'
2023-10-13T17:14:35.973+05:30  INFO 12904 --- [restartedMain] f.a.AutowiredAnnotationBeanPostProcessor : Autowired annotation is not supported on static methods: public static void com.truYum.app.TruYumApplication.main(java.lang.String[])
2023-10-13T17:14:35.999+05:30  WARN 12904 --- [restartedMain] JpaBaseConfiguration$JpaWebConfiguration : spring.jpa.open-in-view is enabled by default. Therefore, database queries may be performed during view rendering. Explicitly configure spring.jpa.open-in-view to disable this warning
2023-10-13T17:14:36.046+05:30  INFO 12904 --- [restartedMain] o.s.b.d.a.OptionalLiveReloadServer       : LiveReload server is running on port 35729
2023-10-13T17:14:36.056+05:30  INFO 12904 --- [restartedMain] o.s.b.w.embedded.tomcat.TomcatWebServer  : Tomcat started on port(s): 8080 (http) with context path ''
2023-10-13T17:14:36.059+05:30  INFO 12904 --- [restartedMain] com.truYum.app.TruYumApplication         : Started TruYumApplication in 0.31 seconds (process running for 4131.641)
2023-10-13T17:14:36.061+05:30  INFO 12904 --- [restartedMain] .ConditionEvaluationDeltaLoggingListener : Condition evaluation unchanged
2023-10-13T17:14:42.218+05:30  INFO 12904 --- [http-nio-8080-exec-1] o.a.c.c.C.[Tomcat].[localhost].[/]       : Initializing Spring DispatcherServlet 'dispatcherServlet'
2023-10-13T17:14:42.218+05:30  INFO 12904 --- [http-nio-8080-exec-1] o.s.web.servlet.DispatcherServlet        : Initializing Servlet 'dispatcherServlet'
2023-10-13T17:14:42.219+05:30  INFO 12904 --- [http-nio-8080-exec-1] o.s.web.servlet.DispatcherServlet        : Completed initialization in 1 ms
2023-10-13T17:30:30.196+05:30  INFO 12904 --- [RMI TCP Connection(128)-127.0.0.1] inMXBeanRegistrar$SpringApplicationAdmin : Application shutdown requested.
2023-10-13T17:30:30.218+05:30  INFO 12904 --- [RMI TCP Connection(128)-127.0.0.1] o.apache.catalina.core.StandardService   : Stopping service [Tomcat]
2023-10-13T17:30:30.218+05:30  INFO 12904 --- [RMI TCP Connection(128)-127.0.0.1] o.a.c.c.C.[Tomcat].[localhost].[/]       : Destroying Spring FrameworkServlet 'dispatcherServlet'
2023-10-13T17:30:30.221+05:30  INFO 12904 --- [RMI TCP Connection(128)-127.0.0.1] j.LocalContainerEntityManagerFactoryBean : Closing JPA EntityManagerFactory for persistence unit 'default'
2023-10-13T17:30:30.222+05:30  INFO 12904 --- [RMI TCP Connection(128)-127.0.0.1] com.zaxxer.hikari.HikariDataSource       : HikariPool-11 - Shutdown initiated...
2023-10-13T17:30:30.226+05:30  INFO 12904 --- [RMI TCP Connection(128)-127.0.0.1] com.zaxxer.hikari.HikariDataSource       : HikariPool-11 - Shutdown completed.
